0(send 1, to 7) 1(for 7, 1) 2(for 7, 1) 3(for 7, 1) 4(for 7, 1) 5(for 7, 1) 6(for 7, 1) 7(rec 1, from 0) 8(ack 0) 9(ack 0) 10(ack 0) 0(fail 1, part 2) 0(ack)
2(skip) 3(skip) 4(send 2, to 8) 5(for 8, 2) 6(for 8, 2) 7(for 8, 2) 8(rec 2, from 4) 9(ack 4) 10(ack 4) 0(ack 4) 2(ack 4) 3(ack 4) 4(ack)
5(skip) 6(send 3, to 9) 7(for 9, 3) 8(for 9, 3) 9(rec 3, from 6) 10(ack 6) 0(ack 6) 2(ack 6) 3(ack 6) 4(ack 6) 5(ack 6) 6(ack)
7(skip) 8(skip) 9(send 4, to 9) 10(for 9, 4) 0(for 9, 4) 2(for 9, 4) 3(for 9, 4) 4(fail 5, part 6) 4(for 9, 4) 6(for 9, 4) 7(for 9, 4) 8(for 9, 4) 9(rec 4, from 9) 10(ack 9) 0(ack 9) 2(ack 9) 3(ack 9) 4(ack 9) 6(ack 9) 7(ack 9) 8(ack 9) 9(ack)
10(send 5, to 7) 0(for 7, 5) 2(for 7, 5) 3(for 7, 5) 4(for 7, 5) 6(for 7, 5) 7(rec 5, from 10) 8(ack 10) 9(ack 10) 10(ack)
0(skip) 2(send 6, to 10) 3(for 10, 6) 4(for 10, 6) 6(for 10, 6) 7(for 10, 6) 8(fail 9, part 10) 8(for 10, 6) 10(rec 6, from 2) 0(ack 2) 2(ack)
3(send 7, to 3) 4(for 3, 7) 6(for 3, 7) 7(for 3, 7) 8(for 3, 7) 10(for 3, 7) 0(for 3, 7) 2(for 3, 7) 3(rec 7, from 3) 4(ack 3) 6(ack 3) 7(ack 3) 8(ack 3) 10(ack 3) 0(ack 3) 2(fail 3, part 4) 2(drop Ack)
2(skip) 4(skip) 6(skip) 7(send 8, to 0) 8(fail 10, part 0) 8(for 0, 8) 0(rec 8, from 7) 2(ack 7) 4(ack 7) 6(ack 7) 7(ack)
8(send 9, to 6) 0(for 6, 9) 2(for 6, 9) 4(for 6, 9) 6(fail 7, part 8) 6(rec 9, from 8) 8(ack)
0(skip) 2(send 10, to 8) 4(for 8, 10) 6(for 8, 10) 8(fail 0, part 2) 8(elec 8?2 8?4 8?6 win 8) 8(rec 10, from 2) 2(ack)
4(skip) 6(send 11, to 8) 8(rec 11, from 6) 2(ack 6) 4(ack 6) 6(ack)
8(skip) 2(skip) 4(send 12, to 6) 6(rec 12, from 4) 8(ack 4) 2(ack 4) 4(ack)
6(skip) 8(skip) 2(skip) 4(skip) 6(send 13, to 8) 8(rec 13, from 6) 2(ack 6) 4(ack 6) 6(ack)
8(skip) 2(send 14, to 2) 4(fail 6, part 8) 4(for 2, 14) 8(for 2, 14) 2(rec 14, from 2) 4(ack 2) 8(ack 2) 2(ack)
4(skip) 8(send 15, to 4) 2(for 4, 15) 4(rec 15, from 8) 8(ack)
2(skip) 4(skip) 8(skip) 2(send 16, to 4) 4(rec 16, from 2) 8(ack 2) 2(ack)
4(send 17, to 4) 8(for 4, 17) 2(for 4, 17) 4(rec 17, from 4) 8(ack 4) 2(ack 4) 4(ack)
8(skip) 2(skip) 4(skip) 8(skip) 2(send 18, to 4) 4(rec 18, from 2) 8(ack 2) 2(ack)
4(skip) 8(send 19, to 8) 2(for 8, 19) 4(for 8, 19) 8(rec 19, from 8) 2(ack 8) 4(ack 8) 8(fail 2, part 4) 8(ack)
4(send 20, to 8) 8(fail 4, part 8) 8(rec 20, from 4) 8(drop Ack)
8(skip) no more partners
